Unity Editor version:    2020.3.29f1 (2ff179115da0)
Branch:                  2020.3/staging
Build type:              Release
Batch mode:              YES
macOS version:           Version 12.2.1 (Build 21D62)
Darwin version:          21.3.0
Architecture:            x86_64
Running under Rosetta:   NO
Available memory:        8192 MB
Using pre-set license
Pro License: NO

COMMAND LINE ARGUMENTS:
/Applications/Unity/Hub/Editor/2020.3.29f1/Unity.app/Contents/MacOS/Unity
-adb2
-batchMode
-noUpm
-name
AssetImportWorker0
-projectPath
/Users/cassidybarr/Documents/GameAI/A3-CassidyBarr
-logFile
Logs/AssetImportWorker0.log
-srvPort
57403
Successfully changed project path to: /Users/cassidybarr/Documents/GameAI/A3-CassidyBarr
/Users/cassidybarr/Documents/GameAI/A3-CassidyBarr
Using Asset Import Pipeline V2.
Refreshing native plugins compatible for Editor in 43.41 ms, found 1 plugins.
Preloading 0 native plugins for Editor in 0.00 ms.
Initialize engine version: 2020.3.29f1 (2ff179115da0)
[Subsystems] Discovering subsystems at path /Applications/Unity/Hub/Editor/2020.3.29f1/Unity.app/Contents/Resources/UnitySubsystems
[Subsystems] Discovering subsystems at path /Users/cassidybarr/Documents/GameAI/A3-CassidyBarr/Assets
GfxDevice: creating device client; threaded=0
2022-03-08 16:04:43.537 Unity[10959:755339] Color LCD preferred device: Intel(R) Iris(TM) Plus Graphics (low power)
2022-03-08 16:04:43.537 Unity[10959:755339] Metal devices available: 1
2022-03-08 16:04:43.537 Unity[10959:755339] 0: Intel(R) Iris(TM) Plus Graphics (low power)
2022-03-08 16:04:43.537 Unity[10959:755339] Using device Intel(R) Iris(TM) Plus Graphics (low power)
Initializing Metal device caps: Intel(R) Iris(TM) Plus Graphics
Initialize mono
Mono path[0] = '/Applications/Unity/Hub/Editor/2020.3.29f1/Unity.app/Contents/Managed'
Mono path[1] = '/Applications/Unity/Hub/Editor/2020.3.29f1/Unity.app/Contents/MonoBleedingEdge/lib/mono/unityjit'
Mono config path = '/Applications/Unity/Hub/Editor/2020.3.29f1/Unity.app/Contents/MonoBleedingEdge/etc'
Using monoOptions --debugger-agent=transport=dt_socket,embedding=1,server=y,suspend=n,address=127.0.0.1:56959
Begin MonoManager ReloadAssembly
Registering precompiled unity dll's ...
Register platform support module: /Applications/Unity/Hub/Editor/2020.3.29f1/Unity.app/Contents/PlaybackEngines/MacStandaloneSupport/UnityEditor.OSXStandalone.Extensions.dll
Registered in 0.002593 seconds.
Native extension for OSXStandalone target not found
Refreshing native plugins compatible for Editor in 32.35 ms, found 1 plugins.
Preloading 0 native plugins for Editor in 0.00 ms.
Mono: successfully reloaded assembly
- Completed reload, in  0.688 seconds
Domain Reload Profiling:
	ReloadAssembly (688ms)
		BeginReloadAssembly (100ms)
			ExecutionOrderSort (0ms)
			DisableScriptedObjects (0ms)
			BackupInstance (0ms)
			ReleaseScriptingObjects (0ms)
			CreateAndSetChildDomain (1ms)
		EndReloadAssembly (513ms)
			LoadAssemblies (101ms)
			RebuildTransferFunctionScriptingTraits (0ms)
			SetupTypeCache (186ms)
			ReleaseScriptCaches (0ms)
			RebuildScriptCaches (36ms)
			SetupLoadedEditorAssemblies (196ms)
				LogAssemblyErrors (0ms)
				InitializePlatformSupportModulesInManaged (4ms)
				SetLoadedEditorAssemblies (0ms)
				RefreshPlugins (32ms)
				BeforeProcessingInitializeOnLoad (11ms)
				ProcessInitializeOnLoadAttributes (114ms)
				ProcessInitializeOnLoadMethodAttributes (34ms)
				AfterProcessingInitializeOnLoad (0ms)
				EditorAssembliesLoaded (0ms)
			ExecutionOrderSort2 (0ms)
			AwakeInstancesAfterBackupRestoration (0ms)
Platform modules already initialized, skipping
Registering precompiled user dll's ...
Registered in 0.002030 seconds.
Begin MonoManager ReloadAssembly
Native extension for OSXStandalone target not found
Refreshing native plugins compatible for Editor in 33.25 ms, found 1 plugins.
Preloading 0 native plugins for Editor in 0.00 ms.
Mono: successfully reloaded assembly
- Completed reload, in  1.079 seconds
Domain Reload Profiling:
	ReloadAssembly (1080ms)
		BeginReloadAssembly (156ms)
			ExecutionOrderSort (0ms)
			DisableScriptedObjects (6ms)
			BackupInstance (0ms)
			ReleaseScriptingObjects (0ms)
			CreateAndSetChildDomain (22ms)
		EndReloadAssembly (858ms)
			LoadAssemblies (92ms)
			RebuildTransferFunctionScriptingTraits (0ms)
			SetupTypeCache (246ms)
			ReleaseScriptCaches (0ms)
			RebuildScriptCaches (62ms)
			SetupLoadedEditorAssemblies (327ms)
				LogAssemblyErrors (0ms)
				InitializePlatformSupportModulesInManaged (4ms)
				SetLoadedEditorAssemblies (0ms)
				RefreshPlugins (33ms)
				BeforeProcessingInitializeOnLoad (54ms)
				ProcessInitializeOnLoadAttributes (227ms)
				ProcessInitializeOnLoadMethodAttributes (8ms)
				AfterProcessingInitializeOnLoad (1ms)
				EditorAssembliesLoaded (0ms)
			ExecutionOrderSort2 (0ms)
			AwakeInstancesAfterBackupRestoration (8ms)
Platform modules already initialized, skipping
Validating Project structure ... 0.011763 seconds.
Shader import version has changed; will reimport all shaders...
Upgrading shader files ...0.033510 seconds.
Application.AssetDatabase Initial Script Refresh Start
RefreshInfo: InitialScriptRefreshV2(NoUpdateAssetOptions) scanfilter:  ... 1 filters
RefreshProfiler: Total: 0.000ms
Application.AssetDatabase Initial Script Refresh End
Application.AssetDatabase.Refresh Start
Application.AssetDatabase.Refresh End
RefreshInfo: StopAssetImportingV2(ForceSynchronousImport) scanfilter: 
RefreshProfiler: Total: 0.000ms
Launching external process: /Applications/Unity/Hub/Editor/2020.3.29f1/Unity.app/Contents/Tools/UnityShaderCompiler
Launched and connected shader compiler UnityShaderCompiler after 0.29 seconds
Initializing Unity extensions:
2022-03-08 16:04:48.773 Unity[10959:755339] NSEventModifierFlagFunction specified to -setKeyEquivalentModifierMask: for item <NSMenuItem: 0x6000009292d0 Font Asset, ke='Command-F12'>, but is only supported for system-provided menu items; will not be used
2022-03-08 16:04:48.777 Unity[10959:755339] NSEventModifierFlagFunction specified to -setKeyEquivalentModifierMask: for item <NSMenuItem: 0x6000009373a0 Font Asset, ke='Command-F12'>, but is only supported for system-provided menu items; will not be used
========================================================================
Worker process is ready to serve import requests
Refreshing native plugins compatible for Editor in 0.32 ms, found 1 plugins.
Preloading 0 native plugins for Editor in 0.00 ms.
Unloading 1623 Unused Serialized files (Serialized files now loaded: 0)
System memory in use before: 184.7 MB.
System memory in use after: 184.5 MB.

Unloading 207 unused Assets to reduce memory usage. Loaded Objects now: 2123.
Total: 2.840821 ms (FindLiveObjects: 0.130392 ms CreateObjectMapping: 0.049883 ms MarkObjects: 2.398378 ms  DeleteObjects: 0.260847 ms)

AssetImportParameters requested are different than current active one (requested -> active):
  custom:video-decoder-ogg-theora: a1e56fd34408186e4bbccfd4996cb3dc -> 
  custom:container-muxer-webm: aa71ff27fc2769a1b78a27578f13a17b -> 
  custom:container-demuxer-webm: 4f35f7cbe854078d1ac9338744f61a02 -> 
  custom:container-demuxer-ogg: 62fdf1f143b41e24485cea50d1cbac27 -> 
  custom:video-encoder-webm-vp8: eb34c28f22e8b96e1ab97ce403110664 -> 
  custom:framework-osx-AVFoundation: e770b220cccbd017edd2c1fefb359320 -> 
  custom:video-decoder-webm-vp8: 9c59270c3fd7afecdb556c50c9e8de78 -> 
  custom:audio-decoder-ogg-vorbis: bf7c407c2cedff20999df2af8eb42d56 -> 
  custom:audio-encoder-webm-vorbis: bf7c407c2cedff20999df2af8eb42d56 -> 
========================================================================
Received Import Request.
  path: Assets/Scripts/ScriptsAssemblyDefinition.asmdef
  artifactKey: Guid(5bfacd6d000734d0ab1437ad1c297c18) Importer(815301076,1909f56bfc062723c751e8b465ee728b)
Start importing Assets/Scripts/ScriptsAssemblyDefinition.asmdef using Guid(5bfacd6d000734d0ab1437ad1c297c18) Importer(815301076,1909f56bfc062723c751e8b465ee728b)  -> (artifact id: 'bd8c4ed19a1126ded91ad7f0ef4c0d42') in 1.155002 seconds 
  Import took 1.160721 seconds .

========================================================================
Received Prepare
Registering precompiled user dll's ...
Registered in 0.001417 seconds.
Begin MonoManager ReloadAssembly
Native extension for OSXStandalone target not found
Refreshing native plugins compatible for Editor in 0.32 ms, found 1 plugins.
Preloading 0 native plugins for Editor in 0.00 ms.
2022-03-08 16:39:21.219 Unity[10959:755339] NSEventModifierFlagFunction specified to -setKeyEquivalentModifierMask: for item <NSMenuItem: 0x60000093c070 Font Asset, ke='Command-F12'>, but is only supported for system-provided menu items; will not be used
Mono: successfully reloaded assembly
- Completed reload, in  1.033 seconds
Domain Reload Profiling:
	ReloadAssembly (1034ms)
		BeginReloadAssembly (167ms)
			ExecutionOrderSort (0ms)
			DisableScriptedObjects (5ms)
			BackupInstance (0ms)
			ReleaseScriptingObjects (0ms)
			CreateAndSetChildDomain (45ms)
		EndReloadAssembly (797ms)
			LoadAssemblies (131ms)
			RebuildTransferFunctionScriptingTraits (0ms)
			SetupTypeCache (269ms)
			ReleaseScriptCaches (1ms)
			RebuildScriptCaches (44ms)
			SetupLoadedEditorAssemblies (256ms)
				LogAssemblyErrors (0ms)
				InitializePlatformSupportModulesInManaged (3ms)
				SetLoadedEditorAssemblies (1ms)
				RefreshPlugins (0ms)
				BeforeProcessingInitializeOnLoad (71ms)
				ProcessInitializeOnLoadAttributes (174ms)
				ProcessInitializeOnLoadMethodAttributes (5ms)
				AfterProcessingInitializeOnLoad (1ms)
				EditorAssembliesLoaded (0ms)
			ExecutionOrderSort2 (0ms)
			AwakeInstancesAfterBackupRestoration (7ms)
Platform modules already initialized, skipping
Refreshing native plugins compatible for Editor in 0.27 ms, found 1 plugins.
Preloading 0 native plugins for Editor in 0.00 ms.
Unloading 1603 Unused Serialized files (Serialized files now loaded: 0)
System memory in use before: 186.6 MB.
System memory in use after: 186.7 MB.

Unloading 7 unused Assets to reduce memory usage. Loaded Objects now: 2127.
Total: 2.826192 ms (FindLiveObjects: 0.205898 ms CreateObjectMapping: 0.126490 ms MarkObjects: 2.455264 ms  DeleteObjects: 0.037108 ms)

AssetImportParameters requested are different than current active one (requested -> active):
  custom:video-decoder-ogg-theora: a1e56fd34408186e4bbccfd4996cb3dc -> 
  custom:container-muxer-webm: aa71ff27fc2769a1b78a27578f13a17b -> 
  custom:container-demuxer-webm: 4f35f7cbe854078d1ac9338744f61a02 -> 
  custom:container-demuxer-ogg: 62fdf1f143b41e24485cea50d1cbac27 -> 
  custom:video-encoder-webm-vp8: eb34c28f22e8b96e1ab97ce403110664 -> 
  custom:framework-osx-AVFoundation: e770b220cccbd017edd2c1fefb359320 -> 
  custom:video-decoder-webm-vp8: 9c59270c3fd7afecdb556c50c9e8de78 -> 
  custom:audio-decoder-ogg-vorbis: bf7c407c2cedff20999df2af8eb42d56 -> 
  custom:audio-encoder-webm-vorbis: bf7c407c2cedff20999df2af8eb42d56 -> 
========================================================================
Received Import Request.
  Time since last request: 3181.672748 seconds.
  path: Assets/ScriptableObjects/BlueWeebleMessageQueue.asset
  artifactKey: Guid(dd0c3aaa5c6a84ba49c30af31c73098b) Importer(815301076,1909f56bfc062723c751e8b465ee728b)
Start importing Assets/ScriptableObjects/BlueWeebleMessageQueue.asset using Guid(dd0c3aaa5c6a84ba49c30af31c73098b) Importer(815301076,1909f56bfc062723c751e8b465ee728b)  -> (artifact id: '53f686a750354a2822f79bc2c2585af3') in 0.380693 seconds 
  Import took 0.409106 seconds .

========================================================================
Received Import Request.
  Time since last request: 0.000493 seconds.
  path: Assets/ScriptableObjects/GameMessageQueue.asset
  artifactKey: Guid(2ed4fd1bf939f4007aa4a2c81d1c28bb) Importer(815301076,1909f56bfc062723c751e8b465ee728b)
Start importing Assets/ScriptableObjects/GameMessageQueue.asset using Guid(2ed4fd1bf939f4007aa4a2c81d1c28bb) Importer(815301076,1909f56bfc062723c751e8b465ee728b)  -> (artifact id: '59adef792a4435ff83b0fec4e992f19d') in 0.004996 seconds 
  Import took 0.008814 seconds .

========================================================================
Received Import Request.
  Time since last request: 0.000525 seconds.
  path: Assets/ScriptableObjects/RedWeebleThotsQueue.asset
  artifactKey: Guid(1d5e3b3be3d02416383bc8e763fb10e8) Importer(815301076,1909f56bfc062723c751e8b465ee728b)
Start importing Assets/ScriptableObjects/RedWeebleThotsQueue.asset using Guid(1d5e3b3be3d02416383bc8e763fb10e8) Importer(815301076,1909f56bfc062723c751e8b465ee728b)  -> (artifact id: 'b6754945d8dda148b46430dd64699c84') in 0.005165 seconds 
  Import took 0.008759 seconds .

========================================================================
Received Import Request.
  Time since last request: 0.000439 seconds.
  path: Assets/ScriptableObjects/BlueWeebleThotsQueue.asset
  artifactKey: Guid(e029631352b6948ebb2faa35067792de) Importer(815301076,1909f56bfc062723c751e8b465ee728b)
Start importing Assets/ScriptableObjects/BlueWeebleThotsQueue.asset using Guid(e029631352b6948ebb2faa35067792de) Importer(815301076,1909f56bfc062723c751e8b465ee728b)  -> (artifact id: '74e2258ef20fc7f579e6066b49558b9b') in 0.005219 seconds 
  Import took 0.008513 seconds .

========================================================================
Received Import Request.
  Time since last request: 0.000391 seconds.
  path: Assets/ScriptableObjects/RedWeebleMessageQueue.asset
  artifactKey: Guid(18d0485a12016425181a5b9f7c4ab48d) Importer(815301076,1909f56bfc062723c751e8b465ee728b)
Start importing Assets/ScriptableObjects/RedWeebleMessageQueue.asset using Guid(18d0485a12016425181a5b9f7c4ab48d) Importer(815301076,1909f56bfc062723c751e8b465ee728b)  -> (artifact id: 'ab8234fddf395e540763cea907187478') in 0.004941 seconds 
  Import took 0.007839 seconds .

